[2012-09-16 15:04:45] START
[2012-09-16 15:04:45] EDIT Inventory/models/db_wizard.py: 2
[2012-09-16 15:12:04] EDIT Inventory/models/db_wizard.py: 1
[2012-09-16 15:17:54] EDIT Inventory/models/db_wizard.py: 1
[2012-09-16 15:18:31] EDIT Inventory/models/db_wizard.py: 0
[2012-09-16 15:19:48] EDIT Inventory/models/db_wizard.py: 0
[2012-09-16 15:20:55] EDIT Inventory/models/db_wizard.py: 0
[2012-09-16 19:04:52] EDIT Inventory/models/db_wizard.py: 0
[2012-09-16 21:29:04] EDIT Inventory/models/db_wizard.py: 8
[2012-09-23 22:17:21] EDIT Inventory/models/db_wizard.py: 0
[2012-09-23 22:21:37] EDIT Inventory/models/db_wizard.py: 2
[2012-09-23 22:31:59] EDIT Inventory/models/db_wizard.py: 3
[2012-09-23 22:38:16] EDIT Inventory/models/db_wizard.py: 2
[2012-09-23 22:39:36] EDIT Inventory/models/db_wizard.py: 0
[2012-09-23 22:41:40] EDIT Inventory/models/db_wizard.py: 2
[2012-09-23 22:45:15] EDIT Inventory/models/db_wizard.py: 0
[2012-09-23 22:46:27] EDIT Inventory/models/db_wizard.py: 0
[2012-09-23 23:04:28] EDIT Inventory/models/db_wizard.py: 6
[2012-09-23 23:04:39] EDIT Inventory/models/db_wizard.py: 0
[2012-09-23 23:04:49] EDIT Inventory/models/db_wizard.py: 0
[2012-09-23 23:05:46] EDIT Inventory/models/db_wizard.py: 0
[2012-09-23 23:06:05] EDIT Inventory/models/db_wizard.py: 0
[2012-09-23 23:06:19] EDIT Inventory/models/db_wizard.py: 0
[2012-09-23 23:06:45] EDIT Inventory/models/db_wizard.py: 0
[2012-09-23 23:08:50] EDIT Inventory/models/db_wizard.py: 0
[2012-09-23 23:10:00] EDIT Inventory/models/db_wizard.py: 0
[2012-09-23 23:10:16] EDIT Inventory/models/db_wizard.py: 0
[2012-09-23 23:10:21] EDIT Inventory/models/db_wizard.py: 0
[2012-09-23 23:10:32] EDIT Inventory/models/db_wizard.py: 0
[2012-09-23 23:10:39] EDIT Inventory/models/db_wizard.py: 0
[2012-09-23 23:10:51] EDIT Inventory/models/db_wizard.py: 0
[2012-09-23 23:12:27] EDIT Inventory/models/db_wizard.py: 0
[2012-09-23 23:12:58] EDIT Inventory/models/db_wizard.py: 0
[2012-09-23 23:13:41] EDIT Inventory/models/db_wizard.py: 0
[2012-09-23 23:23:50] EDIT Inventory/models/db_wizard.py: 0
[2012-09-23 23:28:09] EDIT Inventory/models/db_wizard.py: 1
[2012-09-23 23:34:27] EDIT Inventory/models/db_wizard.py: 0
[2012-09-24 00:39:39] EDIT Inventory/models/db_wizard.py: 0
[2012-09-24 01:09:26] EDIT Inventory/models/db_wizard.py: 0
[2012-09-24 01:11:53] EDIT Inventory/models/db_wizard.py: 0
[2012-09-24 01:12:53] EDIT Inventory/models/db_wizard.py: 0
[2012-09-24 01:58:53] EDIT Inventory/models/db_wizard.py: -2
[2012-09-24 02:25:43] EDIT Inventory/models/db_wizard.py: 0
[2012-09-24 15:39:56] EDIT Inventory/controllers/default.py: 3
[2012-09-24 15:43:44] EDIT Inventory/controllers/default.py: 3
[2012-09-24 15:46:26] EDIT Inventory/controllers/default.py: 0
[2012-09-24 15:50:55] EDIT Inventory/controllers/default.py: 0
[2012-09-24 15:54:43] EDIT Inventory/controllers/default.py: 0
[2012-09-24 15:55:14] EDIT Inventory/controllers/default.py: 0
[2012-09-24 15:56:26] EDIT Inventory/controllers/default.py: 0
[2012-09-24 16:01:44] EDIT Inventory/controllers/default.py: 2
[2012-09-24 16:03:28] EDIT Inventory/controllers/default.py: 2
[2012-09-24 16:05:59] CREATE default/test2.html: 0
[2012-09-24 16:06:08] EDIT Inventory/views/default/test2.html: 0
[2012-09-24 16:08:31] EDIT Inventory/views/default/test2.html: 0
[2012-09-24 16:10:53] EDIT Inventory/views/default/test2.html: 6
[2012-09-24 16:14:03] EDIT Inventory/views/default/test2.html: 2
[2012-09-24 16:14:41] EDIT Inventory/views/default/test2.html: 0
[2012-09-24 16:17:02] EDIT Inventory/views/default/test2.html: 0
[2012-09-24 16:17:07] EDIT Inventory/views/default/test2.html: 0
[2012-09-24 16:18:13] EDIT Inventory/views/default/test2.html: -1
[2012-09-24 16:20:00] EDIT Inventory/views/default/test2.html: 0
[2012-09-24 16:21:57] EDIT Inventory/views/default/test2.html: 3
[2012-09-24 16:34:48] EDIT Inventory/models/db_wizard.py: 0
[2012-09-24 16:36:41] EDIT Inventory/models/db_wizard.py: 0
[2012-09-24 16:42:44] EDIT Inventory/models/0.py: 0
[2012-09-24 16:43:17] EDIT Inventory/models/0.py: 0
[2012-09-24 22:46:26] EDIT Inventory/models/db_wizard.py: 3
[2012-09-24 22:56:23] EDIT Inventory/models/db_wizard.py: 0
[2012-09-24 22:57:17] EDIT Inventory/models/db_wizard.py: 0
[2012-09-24 22:58:07] EDIT Inventory/models/db_wizard.py: 0
[2012-09-24 23:23:59] EDIT Inventory/models/db_wizard.py: 0
[2012-09-24 23:28:04] EDIT Inventory/models/db_wizard.py: 1
[2012-09-24 23:29:42] EDIT Inventory/models/db_wizard.py: 0
[2012-09-24 23:31:38] EDIT Inventory/models/db_wizard.py: 1
[2012-09-24 23:33:53] EDIT Inventory/models/db_wizard.py: 1
[2012-09-24 23:34:41] EDIT Inventory/models/db_wizard.py: 0
[2012-09-24 23:45:39] EDIT Inventory/models/db_wizard.py: 1
[2012-09-24 23:46:11] EDIT Inventory/models/db_wizard.py: 0
[2012-09-26 01:02:01] EDIT Inventory/models/db_wizard.py: 7
[2012-09-26 01:04:44] EDIT Inventory/models/db_wizard.py: 0
[2012-09-26 01:05:34] EDIT Inventory/models/db_wizard.py: 0
[2012-09-26 01:06:10] EDIT Inventory/models/db_wizard.py: 0
[2012-09-26 01:13:31] EDIT Inventory/models/db_wizard.py: 5
[2012-09-26 01:15:34] EDIT Inventory/models/db_wizard.py: 3
[2012-09-26 01:15:39] EDIT Inventory/models/db_wizard.py: 0
[2012-09-26 01:15:44] EDIT Inventory/models/db_wizard.py: 0
[2012-09-26 01:17:38] EDIT Inventory/models/db_wizard.py: 0
[2012-09-26 01:18:06] EDIT Inventory/models/db_wizard.py: 0
[2012-09-26 01:18:19] EDIT Inventory/models/db_wizard.py: 0
[2012-09-26 01:23:57] EDIT Inventory/models/db_wizard.py: 2
[2012-09-26 01:24:35] EDIT Inventory/models/db_wizard.py: 1
[2012-09-26 01:30:36] EDIT Inventory/models/menu.py: 1
[2012-09-26 01:31:46] EDIT Inventory/models/menu.py: 0
[2012-09-26 01:34:47] EDIT Inventory/controllers/default.py: -6
[2012-09-26 01:37:10] EDIT Inventory/controllers/default.py: 0
[2012-09-26 01:53:37] EDIT Inventory/controllers/default.py: 4
[2012-09-26 01:55:07] EDIT Inventory/models/menu.py: 1
[2012-09-26 01:59:30] EDIT Inventory/models/menu.py: 0
[2012-09-26 02:01:35] DELETE Inventory/views/default/test2.html: -13
[2012-09-26 02:02:24] EDIT Inventory/models/db_wizard.py: 1
[2012-09-26 02:04:01] EDIT Inventory/models/db_wizard.py: 0
[2012-09-26 03:27:51] EDIT Inventory/models/db_wizard.py: 1
[2012-09-26 03:28:57] EDIT Inventory/models/db_wizard.py: 0
[2012-09-26 03:29:08] EDIT Inventory/models/db_wizard.py: 0
[2012-09-26 03:30:37] CREATE default/port2ip_manage.html: 0
[2012-09-26 03:32:04] EDIT Inventory/views/default/port2ip_manage.html: 1
[2012-09-26 03:37:14] EDIT Inventory/controllers/default.py: 0
[2012-09-26 03:37:58] EDIT Inventory/controllers/default.py: 0
[2012-09-26 03:39:25] EDIT Inventory/models/db_wizard.py: 1
[2012-09-26 03:39:50] EDIT Inventory/models/db_wizard.py: -1
[2012-09-26 03:40:19] EDIT Inventory/models/db_wizard.py: -2
[2012-09-26 04:02:36] EDIT Inventory/models/db_wizard.py: 2
[2012-09-26 04:38:53] EDIT Inventory/models/db_wizard.py: 4
[2012-09-26 04:40:40] EDIT Inventory/models/db_wizard.py: 0
[2012-09-26 04:42:41] EDIT Inventory/models/db_wizard.py: -2
[2012-09-26 04:43:05] EDIT Inventory/models/db_wizard.py: 0
[2012-09-26 04:43:55] EDIT Inventory/models/db_wizard.py: 1
[2012-09-26 19:39:26] EDIT Inventory/models/db_wizard.py: 1
[2012-09-26 19:39:34] EDIT Inventory/models/db_wizard.py: -56
[2012-09-26 19:39:43] EDIT Inventory/models/db_wizard.py: 0
[2012-09-26 19:40:31] EDIT Inventory/models/db_wizard.py: -1
[2012-09-26 20:27:09] EDIT Inventory/models/db_wizard.py: 10
[2012-09-26 20:27:55] EDIT Inventory/models/db_wizard.py: 13
[2012-09-26 20:28:44] EDIT Inventory/models/db_wizard.py: 10
[2012-09-26 20:31:30] EDIT Inventory/models/db_wizard.py: 0
[2012-09-26 20:33:12] EDIT Inventory/models/db_wizard.py: 2
[2012-09-26 20:33:16] EDIT Inventory/models/db_wizard.py: 0
[2012-09-26 20:33:38] EDIT Inventory/models/db_wizard.py: 0
[2012-09-26 20:34:15] EDIT Inventory/models/db_wizard.py: 2
[2012-09-26 20:41:35] EDIT Inventory/models/db_wizard.py: 1
[2012-09-26 20:41:56] EDIT Inventory/models/db_wizard.py: 3
[2012-09-26 20:42:23] EDIT Inventory/models/db_wizard.py: -1
[2012-09-26 20:45:11] EDIT Inventory/models/db_wizard.py: 3
[2012-09-26 20:46:25] EDIT Inventory/models/db_wizard.py: 4
[2012-09-26 20:47:01] EDIT Inventory/models/db_wizard.py: 0
[2012-09-26 20:47:16] EDIT Inventory/models/db_wizard.py: 0
[2012-09-26 20:47:48] EDIT Inventory/models/db_wizard.py: 0
[2012-09-26 20:49:17] EDIT Inventory/models/db_wizard.py: 2
[2012-09-26 20:49:28] EDIT Inventory/models/db_wizard.py: 0
[2012-09-26 20:54:25] EDIT Inventory/models/db_wizard.py: 1
[2012-09-26 20:57:14] EDIT Inventory/models/db_wizard.py: 3
[2012-09-26 21:00:43] EDIT Inventory/models/db_wizard.py: 0
[2012-09-26 21:10:19] EDIT Inventory/controllers/default.py: 0
[2012-09-26 21:17:34] EDIT Inventory/models/db_wizard.py: -2
[2012-09-26 21:20:29] EDIT Inventory/models/db_wizard.py: 4
[2012-09-26 21:21:26] EDIT Inventory/models/db_wizard.py: 0
[2012-09-26 21:29:29] EDIT Inventory/models/db_wizard.py: -9
[2012-09-26 21:34:01] EDIT Inventory/controllers/scan.py: 1
[2012-09-26 21:34:27] EDIT Inventory/controllers/scan.py: 1
[2012-09-26 21:40:40] EDIT Inventory/models/db_wizard.py: 0
[2012-09-26 21:40:55] EDIT Inventory/models/db_wizard.py: 1
[2012-09-26 21:55:28] EDIT Inventory/models/db_wizard.py: 0
[2012-09-26 22:51:13] EDIT Inventory/models/db_wizard.py: 0
[2012-09-26 22:51:38] EDIT Inventory/models/db_wizard.py: 0
[2012-09-26 23:01:38] EDIT Inventory/models/db_wizard.py: 0
[2012-09-26 23:01:54] EDIT Inventory/models/db_wizard.py: 0
[2012-09-27 20:12:31] EDIT Inventory/models/db_wizard.py: 0
[2012-09-27 20:14:50] EDIT Inventory/models/db_wizard.py: 0
[2012-12-03 22:08:01] EDIT inventory/models/db_wizard.py: 3
[2012-12-03 22:08:23] EDIT inventory/models/db_wizard.py: 0
[2012-12-03 22:09:08] EDIT inventory/models/db_wizard.py: 0
[2012-12-04 17:12:10] EDIT inventory/controllers/default.py: 1
[2012-12-04 17:14:18] EDIT inventory/controllers/default.py: 3
[2012-12-04 17:15:30] EDIT inventory/controllers/default.py: 1
[2012-12-04 18:05:34] EDIT inventory/controllers/default.py: -1
[2012-12-04 18:22:44] EDIT inventory/controllers/default.py: 1
[2012-12-07 20:16:21] EDIT inventory/controllers/default.py: 0
[2012-12-07 20:17:58] EDIT inventory/models/db_wizard.py: 0
[2012-12-07 20:19:58] EDIT inventory/models/db_wizard.py: 0
[2012-12-07 20:46:22] EDIT inventory/controllers/default.py: 13
[2012-12-07 20:46:55] EDIT inventory/controllers/default.py: 0
[2012-12-07 20:48:28] EDIT inventory/controllers/default.py: 0
[2012-12-07 20:49:23] EDIT inventory/controllers/default.py: 0
[2012-12-07 20:58:24] EDIT inventory/controllers/default.py: 14
[2012-12-07 20:59:09] EDIT inventory/controllers/default.py: 0
[2012-12-07 21:00:52] EDIT inventory/controllers/default.py: 0
[2012-12-07 21:02:58] EDIT inventory/controllers/default.py: 1
[2012-12-07 21:04:23] EDIT inventory/controllers/default.py: 0
[2012-12-07 21:06:09] EDIT inventory/controllers/default.py: 1
[2012-12-07 21:07:14] EDIT inventory/controllers/default.py: 0
[2012-12-07 21:17:54] EDIT inventory/models/db_wizard.py: 2
[2012-12-07 21:18:58] EDIT inventory/models/db_wizard.py: 0
[2012-12-07 21:23:00] EDIT inventory/models/db_wizard.py: 0
[2012-12-07 21:41:35] EDIT inventory/models/db_wizard.py: 1
[2012-12-07 21:45:23] EDIT inventory/controllers/default.py: 0
[2012-12-07 22:10:46] EDIT inventory/models/db_wizard.py: 0
[2012-12-07 22:11:11] EDIT inventory/controllers/default.py: 8
[2012-12-07 22:18:44] EDIT inventory/models/db_wizard.py: 12
[2012-12-07 22:20:38] EDIT inventory/models/menu.py: 2
[2012-12-07 22:30:26] EDIT inventory/models/db_wizard.py: 0
[2012-12-07 22:45:18] EDIT inventory/models/db_wizard.py: 0
[2012-12-07 22:58:56] EDIT inventory/models/db_wizard.py: 13
[2012-12-07 22:59:16] EDIT inventory/models/db_wizard.py: 0
[2012-12-07 23:00:07] EDIT inventory/models/db_wizard.py: 0
[2012-12-07 23:00:50] EDIT inventory/models/db_wizard.py: 0
[2012-12-07 23:01:43] EDIT inventory/models/db_wizard.py: 0
[2012-12-07 23:02:35] EDIT inventory/models/db_wizard.py: 0
[2012-12-07 23:02:51] EDIT inventory/models/db_wizard.py: 0
[2012-12-07 23:03:59] EDIT inventory/models/db_wizard.py: 2
[2012-12-07 23:04:25] EDIT inventory/models/db_wizard.py: 1
[2012-12-07 23:11:13] EDIT inventory/models/db_wizard.py: 0
[2012-12-07 23:16:12] EDIT inventory/models/db_wizard.py: 0
[2012-12-07 23:19:33] EDIT inventory/models/db_wizard.py: 0
[2012-12-07 23:24:32] EDIT inventory/models/db_wizard.py: 0
[2012-12-07 23:24:42] EDIT inventory/models/db_wizard.py: 0
[2012-12-07 23:39:24] EDIT inventory/models/db_wizard.py: 11
[2012-12-07 23:39:56] EDIT inventory/models/db_wizard.py: 0
[2012-12-07 23:43:58] EDIT inventory/models/db_wizard.py: 1
[2012-12-07 23:44:55] EDIT inventory/models/db_wizard.py: 0
[2012-12-07 23:46:32] EDIT inventory/models/db_wizard.py: 0
[2012-12-07 23:56:23] EDIT inventory/models/db_wizard.py: 25
[2012-12-07 23:59:43] EDIT inventory/models/db_wizard.py: 7
[2012-12-08 00:00:52] EDIT inventory/models/db_wizard.py: 0
[2012-12-08 00:02:38] EDIT inventory/models/db_wizard.py: 1
[2012-12-08 00:03:16] EDIT inventory/models/db_wizard.py: 0
[2012-12-08 00:04:04] EDIT inventory/models/db_wizard.py: 0
[2012-12-08 00:04:24] EDIT inventory/models/db_wizard.py: 0
[2012-12-08 00:08:46] EDIT inventory/models/db_wizard.py: 0
[2012-12-08 00:22:13] EDIT inventory/models/db_wizard.py: 1
[2012-12-08 00:22:30] EDIT inventory/models/db_wizard.py: 0
[2012-12-08 00:23:45] EDIT inventory/models/db_wizard.py: -1
[2012-12-08 00:27:03] EDIT inventory/models/db_wizard.py: 1
[2012-12-08 00:27:22] EDIT inventory/models/db_wizard.py: 0
[2012-12-08 01:41:23] EDIT inventory/models/db_wizard.py: 0
[2012-12-08 01:43:16] EDIT inventory/models/db_wizard.py: -2
[2012-12-08 01:45:17] EDIT inventory/models/db_wizard.py: -2
[2012-12-08 01:46:54] EDIT inventory/models/db_wizard.py: 0
[2012-12-08 01:47:54] EDIT inventory/models/db_wizard.py: 0
[2012-12-08 01:48:46] EDIT inventory/models/db_wizard.py: 0
[2012-12-08 09:36:37] EDIT inventory/models/db_wizard.py: 0
[2012-12-08 09:38:56] EDIT inventory/models/db_wizard.py: 1
[2012-12-08 09:39:23] EDIT inventory/models/db_wizard.py: 0
[2012-12-08 09:41:52] EDIT inventory/models/db_wizard.py: 0
[2012-12-08 09:42:47] EDIT inventory/models/db_wizard.py: 0
[2012-12-08 09:54:48] EDIT inventory/controllers/default.py: 12
[2012-12-08 11:45:43] EDIT inventory/models/db_wizard.py: 2
[2012-12-08 11:45:59] EDIT inventory/models/db_wizard.py: -2
[2012-12-08 11:46:54] EDIT inventory/models/db_wizard.py: -8
[2012-12-08 11:48:44] EDIT inventory/controllers/default.py: -4
[2012-12-08 11:49:28] EDIT inventory/controllers/default.py: -1
[2012-12-08 11:54:09] EDIT inventory/controllers/default.py: 4
[2012-12-08 12:14:49] EDIT inventory/models/db_wizard.py: 0
[2012-12-08 12:15:58] EDIT inventory/models/db_wizard.py: 0
[2012-12-08 12:17:35] EDIT inventory/models/db_wizard.py: -4
[2012-12-08 12:19:15] EDIT inventory/controllers/default.py: -1
[2012-12-08 12:25:17] EDIT inventory/models/db_wizard.py: 0
[2012-12-08 12:46:28] EDIT inventory/models/db_wizard.py: 0
[2012-12-08 13:39:32] EDIT inventory/models/db_wizard.py: 3
[2012-12-08 13:53:44] EDIT inventory/views/default/service_manage.html: 4
[2012-12-08 13:56:27] EDIT inventory/models/db_wizard.py: 3
[2012-12-08 13:57:39] EDIT inventory/models/db_wizard.py: 1
[2012-12-08 13:58:08] EDIT inventory/models/db_wizard.py: 0
[2012-12-08 14:06:26] EDIT inventory/models/db_wizard.py: 1
[2012-12-08 14:06:33] EDIT inventory/models/db_wizard.py: 0
[2012-12-08 14:06:59] EDIT inventory/models/db_wizard.py: 0
[2012-12-08 14:09:43] EDIT inventory/models/db_wizard.py: 0
[2012-12-08 14:10:39] EDIT inventory/models/db_wizard.py: 0
[2012-12-08 14:11:47] EDIT inventory/models/db_wizard.py: 0
[2012-12-08 14:13:49] EDIT inventory/models/db_wizard.py: 0
[2012-12-08 14:16:28] EDIT inventory/models/db_wizard.py: 0
[2012-12-08 14:17:14] EDIT inventory/models/db_wizard.py: 0
[2012-12-08 14:19:21] EDIT inventory/models/db_wizard.py: 0
[2012-12-08 14:26:17] EDIT inventory/views/default/service_manage.html: 2
[2012-12-08 14:26:36] EDIT inventory/views/default/service_manage.html: 0
[2012-12-08 14:26:53] EDIT inventory/views/default/service_manage.html: 0
[2012-12-08 14:28:21] EDIT inventory/views/default/service_manage.html: 0
[2012-12-08 14:28:48] EDIT inventory/views/default/service_manage.html: 0
[2012-12-08 14:45:47] EDIT inventory/models/db_wizard.py: 0
[2012-12-08 15:10:55] EDIT inventory/models/db_wizard.py: 0
[2012-12-08 15:11:47] EDIT inventory/controllers/default.py: 0
[2012-12-08 15:12:20] EDIT inventory/controllers/default.py: 0
[2012-12-08 15:12:56] EDIT inventory/controllers/default.py: 0
[2012-12-08 15:13:40] EDIT inventory/models/db_wizard.py: 0
[2012-12-08 15:14:13] EDIT inventory/views/default/service_manage.html: 0
[2012-12-08 15:14:34] EDIT inventory/views/default/service_manage.html: 0
[2012-12-08 15:14:46] EDIT inventory/views/default/service_manage.html: 0
[2012-12-08 15:16:37] EDIT inventory/views/default/service_manage.html: 0
[2012-12-08 15:16:56] EDIT inventory/views/default/service_manage.html: 0
[2012-12-08 15:47:02] EDIT inventory/models/db_wizard.py: 6
[2012-12-08 15:50:36] EDIT inventory/models/db_wizard.py: 4
[2012-12-08 15:52:05] EDIT inventory/models/menu.py: -1
[2012-12-08 15:53:06] EDIT inventory/models/menu.py: 1
[2012-12-08 15:53:15] EDIT inventory/models/menu.py: 0
[2012-12-08 15:57:31] EDIT inventory/models/db_wizard.py: 3
[2012-12-08 16:00:17] EDIT inventory/models/db_wizard.py: 0
[2012-12-08 16:01:57] EDIT inventory/models/db_wizard.py: 0
[2012-12-08 16:02:31] EDIT inventory/models/db_wizard.py: 0
[2012-12-08 16:03:55] EDIT inventory/models/db_wizard.py: 2
[2012-12-08 16:06:34] EDIT inventory/controllers/default.py: 0
[2012-12-08 16:06:48] CREATE default/help.html: 0
[2012-12-08 16:07:03] EDIT inventory/views/default/help.html: 10
[2012-12-08 16:08:45] EDIT inventory/controllers/default.py: 30
[2012-12-08 16:10:57] EDIT inventory/models/db_wizard.py: 11
[2012-12-08 16:11:07] EDIT inventory/models/db_wizard.py: 0
[2012-12-09 12:42:38] CREATE 2_parameter.py: 0
[2012-12-09 12:45:19] EDIT inventory/models/2_parameter.py: 4
[2012-12-09 12:53:33] EDIT inventory/models/2_parameter.py: 20
[2012-12-09 12:53:52] EDIT inventory/models/2_parameter.py: 0
[2012-12-09 13:54:45] EDIT inventory/controllers/default.py: 26
[2012-12-09 13:55:10] EDIT inventory/controllers/default.py: 0
[2012-12-09 14:02:30] CREATE default/manage_parameters.html: 0
[2012-12-09 14:02:42] EDIT inventory/views/default/manage_parameters.html: 0
[2012-12-09 14:04:37] EDIT inventory/controllers/default.py: 12
[2012-12-09 14:07:07] EDIT inventory/controllers/default.py: 0
[2012-12-09 15:09:05] EDIT inventory/models/2_parameter.py: 14
[2012-12-09 15:11:24] EDIT inventory/models/2_parameter.py: 2
[2012-12-09 16:31:33] EDIT inventory/models/db_wizard.py: 10
[2012-12-09 16:31:55] EDIT inventory/models/db_wizard.py: 0
[2012-12-09 16:32:10] EDIT inventory/models/db_wizard.py: 0
[2012-12-09 16:32:47] EDIT inventory/models/db_wizard.py: 0
[2012-12-09 16:33:35] EDIT inventory/models/db_wizard.py: 3
[2012-12-09 16:33:46] EDIT inventory/models/db_wizard.py: 0
[2012-12-09 16:35:13] EDIT inventory/models/db_wizard.py: 0
[2012-12-09 16:36:35] EDIT inventory/models/db_wizard.py: 0
[2012-12-09 16:44:01] EDIT inventory/models/db_wizard.py: 0
[2012-12-09 16:57:08] EDIT inventory/models/db_wizard.py: 0
[2012-12-09 17:01:00] EDIT inventory/models/db_wizard.py: -1
[2012-12-09 17:02:46] EDIT inventory/models/db_wizard.py: 0
[2012-12-09 17:32:45] CREATE scan.py: 0
[2012-12-09 17:37:06] EDIT inventory/controllers/scan.py: 1
[2012-12-09 17:37:24] EDIT inventory/controllers/scan.py: 1
[2012-12-09 17:38:54] EDIT inventory/models/menu.py: 0
[2012-12-09 17:40:18] EDIT inventory/models/menu.py: 0
[2012-12-09 17:40:53] CREATE scan/index.html: 0
[2012-12-09 17:41:01] EDIT inventory/views/scan/index.html: 0
[2012-12-09 17:49:42] EDIT inventory/modules/scan.py: 2
[2012-12-09 17:58:19] EDIT inventory/modules/scan.py: 1
[2012-12-09 17:58:39] EDIT inventory/modules/scan.py: 0
[2012-12-09 17:58:48] EDIT inventory/modules/scan.py: 0
[2012-12-09 17:58:51] EDIT inventory/modules/scan.py: 0
[2012-12-09 17:58:53] EDIT inventory/modules/scan.py: 0
[2012-12-09 17:59:15] EDIT inventory/modules/scan.py: 0
[2012-12-09 18:00:05] EDIT inventory/modules/scan.py: 0
[2012-12-09 18:00:09] EDIT inventory/modules/scan.py: 0
[2012-12-09 18:00:15] EDIT inventory/modules/scan.py: 0
[2012-12-09 18:00:29] EDIT inventory/modules/scan.py: 0
[2012-12-09 18:00:33] EDIT inventory/modules/scan.py: 0
[2012-12-09 18:00:36] EDIT inventory/modules/scan.py: 0
[2012-12-09 18:00:38] EDIT inventory/modules/scan.py: 0
[2012-12-09 18:00:40] EDIT inventory/modules/scan.py: 0
[2012-12-09 18:00:47] EDIT inventory/modules/scan.py: -1
[2012-12-09 18:10:29] EDIT inventory/modules/scan.py: 6
[2012-12-09 18:11:13] EDIT inventory/modules/scan.py: 0
[2012-12-09 18:13:53] EDIT inventory/modules/scan.py: 1
[2012-12-09 18:14:06] EDIT inventory/modules/scan.py: 0
[2012-12-09 18:15:07] EDIT inventory/modules/scan.py: 1
[2012-12-09 18:15:46] EDIT inventory/modules/scan.py: 0
[2012-12-09 18:15:56] EDIT inventory/modules/scan.py: 0
[2012-12-09 18:16:32] EDIT inventory/modules/scan.py: -2
[2012-12-09 18:21:00] EDIT inventory/modules/scan.py: 0
[2012-12-09 18:26:46] EDIT inventory/views/scan/index.html: 0
[2012-12-09 18:29:30] EDIT inventory/controllers/scan.py: 2
[2012-12-09 18:33:09] EDIT inventory/models/db_wizard.py: 0
[2012-12-09 18:36:01] EDIT inventory/controllers/scan.py: 1
[2012-12-09 18:36:28] EDIT inventory/controllers/scan.py: 0
[2012-12-09 18:43:45] EDIT inventory/controllers/scan.py: 1
[2012-12-09 18:43:50] EDIT inventory/controllers/scan.py: 0
[2012-12-09 18:46:39] EDIT inventory/controllers/scan.py: 0
[2012-12-09 18:48:42] EDIT inventory/controllers/scan.py: 0
[2012-12-09 18:49:01] EDIT inventory/controllers/scan.py: 0
[2012-12-09 18:51:49] EDIT inventory/controllers/default.py: 10
[2012-12-09 18:52:14] EDIT inventory/controllers/default.py: 0
[2012-12-09 18:53:20] EDIT inventory/controllers/scan.py: 0
[2012-12-09 18:55:06] EDIT inventory/controllers/scan.py: 0
[2012-12-09 18:55:40] EDIT inventory/controllers/scan.py: 0
[2012-12-09 18:58:06] EDIT inventory/views/scan/index.html: -1
[2012-12-09 18:58:40] EDIT inventory/views/scan/index.html: 0
[2012-12-09 18:59:18] EDIT inventory/controllers/default.py: 1
[2012-12-09 19:01:11] EDIT inventory/controllers/scan.py: 0
[2012-12-09 19:01:55] EDIT inventory/controllers/scan.py: 0
[2012-12-09 19:03:12] EDIT inventory/controllers/scan.py: 0
[2012-12-09 19:16:06] EDIT inventory/controllers/default.py: 5
[2012-12-10 04:05:38] EDIT inventory/models/3_ldap_con.py: 0
[2012-12-10 04:06:56] EDIT inventory/models/3_ldap_con.py: 0
[2012-12-10 04:20:35] EDIT inventory/models/3_ldap_con.py: -1
[2012-12-10 04:21:42] EDIT inventory/models/3_ldap_con.py: 0
[2012-12-10 04:22:56] EDIT inventory/models/3_ldap_con.py: 0
[2012-12-14 05:32:12] CREATE default/orphan_ip.html: 0
[2012-12-14 05:32:20] EDIT sinventory/views/default/orphan_ip.html: 0
[2012-12-16 21:50:46] EDIT sinventory/controllers/default.py: 1
[2012-12-16 21:55:51] EDIT sinventory/controllers/default.py: 1
[2012-12-16 21:59:26] EDIT sinventory/models/db_wizard.py: 0
